This is pdfTeX, Version 3.141592653-2.6-1.40.22 (TeX Live 2021) (preloaded format=pdflatex 2021.11.3)  16 NOV 2021 12:46
entering extended mode
 restricted \write18 enabled.
 %&-line parsing enabled.
**report.tex
(./report.tex
LaTeX2e <2020-10-01> patch level 4
L3 programming layer <2021-02-18>
! Undefined control sequence.
l.1 \hypertarget
                {sec:introduction}{%
? 
! Interruption.
<to be read again> 
                   {
l.1 \hypertarget{
                 sec:introduction}{%
? ^^[[A^^[[A^^[[B
Type <return> to proceed, S to scroll future error messages,
R to run without stopping, Q to run quietly,
I to insert something, E to edit your file,
H for help, X to quit.
? 
! Emergency stop.
<to be read again> 
                   {
l.1 \hypertarget{
                 sec:introduction}{%
End of file on the terminal!

 
Here is how much of TeX's memory you used:
 16 strings out of 480445
 379 string characters out of 5892391
 279285 words of memory out of 5000000
 17392 multiletter control sequences out of 15000+600000
 403430 words of font info for 27 fonts, out of 8000000 for 9000
 319 hyphenation exceptions out of 8191
 13i,0n,15p,74b,10s stack positions out of 5000i,500n,10000p,200000b,80000s
!  ==> Fatal error occurred, no output PDF file produced!
